2025-05-08T16:59:53.080Z [INFO]: Iniciando requisição gfz9p8j0mafm4m7s
2025-05-08T16:59:53.082Z [ERROR]: Falha na requisição gfz9p8j0mafm4m7s
2025-05-08T17:09:38.391Z [INFO]: Iniciando requisição 2xc9m8pomafmh5ue
2025-05-08T17:09:38.393Z [ERROR]: Falha na requisição 2xc9m8pomafmh5ue
2025-05-08T17:09:52.898Z [INFO]: Iniciando requisição u2lnxtfumafmhh1e
2025-05-08T17:09:52.900Z [ERROR]: Falha na requisição u2lnxtfumafmhh1e
2025-05-09T00:21:06.639Z [INFO]: Iniciando requisição bl37lo9kmag1w1cf
2025-05-09T00:21:06.642Z [ERROR]: Falha na requisição bl37lo9kmag1w1cf
2025-05-09T02:53:30.758Z [INFO]: Iniciando requisição dv5ak9g3mag7c0zp
2025-05-09T02:53:31.525Z [INFO]: Buscando dados da API externa para dv5ak9g3mag7c0zp
2025-05-09T02:53:33.580Z [ERROR]: Falha na requisição dv5ak9g3mag7c0zp
2025-05-09T03:00:36.444Z [INFO]: Iniciando requisição g3v96jnil5gc
2025-05-09T03:00:37.423Z [ERROR]: Falha crítica na requisição g3v96jnil5gc Dados da API indisponíveis
2025-05-09T03:00:37.484Z [ERROR]: Falha no fallback [g3v96jnil5gc] Dados da API indisponíveis
2025-05-09T03:06:56.692Z [INFO]: [req_mag7taus_nrtm2] Iniciando requisição
2025-05-09T03:06:57.420Z [INFO]: [req_mag7taus_nrtm2] Buscando dados da API externa
2025-05-09T03:06:57.652Z [ERROR]: [req_mag7taus_nrtm2] Falha na requisição
2025-05-09T03:06:57.708Z [ERROR]: [req_mag7taus_nrtm2] Usando dados mockados
2025-05-09T03:07:19.853Z [INFO]: [req_mag7tsq5_tb9jj] Iniciando requisição
2025-05-09T03:07:20.524Z [INFO]: [req_mag7tsq5_tb9jj] Buscando dados da API externa
2025-05-09T03:07:20.665Z [ERROR]: [req_mag7tsq5_tb9jj] Falha na requisição
2025-05-09T03:07:20.725Z [ERROR]: [req_mag7tsq5_tb9jj] Usando dados mockados
2025-05-09T03:11:46.198Z [INFO]: [req_mag7zi8m_cqva6] Iniciando requisição
2025-05-09T03:11:46.941Z [INFO]: [req_mag7zi8m_cqva6] Buscando dados da API externa
2025-05-09T03:11:47.177Z [ERROR]: [req_mag7zi8m_cqva6] Falha na requisição
2025-05-09T03:11:47.232Z [ERROR]: [req_mag7zi8m_cqva6] Usando dados mockados
